
running 1 test
test encrypted::test::matching::test_different_homomorphic_codes ... FAILED

failures:

failures:
    encrypted::test::matching::test_different_homomorphic_codes

test result: FAILED. 0 passed; 1 failed; 0 ignored; 0 measured; 17 filtered out; finished in 1.06s

